<?xml version="1.0" encoding="UTF-8"?>
<testng-results ignored="0" total="1" passed="0" failed="1" skipped="0">
  <reporter-output>
  </reporter-output>
  <suite started-at="2021-04-10T06:34:32Z" name="Default suite" finished-at="2021-04-10T06:34:40Z" duration-ms="7509">
    <groups>
    </groups>
    <test started-at="2021-04-10T06:34:32Z" name="Default test" finished-at="2021-04-10T06:34:40Z" duration-ms="7509">
      <class name="quiz.Scripts.Testing">
        <test-method is-config="true" signature="OpenBrowser()[pri:0, instance:quiz.Scripts.Testing@15bb5034]" started-at="2021-04-10T06:34:32Z" name="OpenBrowser" finished-at="2021-04-10T06:34:34Z" duration-ms="1620" status="PASS">
          <reporter-output>
          </reporter-output>
        </test-method> <!-- OpenBrowser -->
        <test-method is-config="true" signature="LoginToApp()[pri:0, instance:quiz.Scripts.Testing@15bb5034]" started-at="2021-04-10T06:34:34Z" name="LoginToApp" finished-at="2021-04-10T06:34:34Z" duration-ms="0" status="PASS">
          <reporter-output>
          </reporter-output>
        </test-method> <!-- LoginToApp -->
        <test-method signature="Scripting()[pri:0, instance:quiz.Scripts.Testing@15bb5034]" started-at="2021-04-10T06:34:34Z" name="Scripting" finished-at="2021-04-10T06:34:39Z" duration-ms="5268" status="FAIL">
          <exception class="java.lang.NullPointerException">
            <message>
              <![CDATA[Cannot invoke "Object.getClass()" because "obj" is null]]>
            </message>
            <full-stacktrace>
              <![CDATA[java.lang.NullPointerException: Cannot invoke "Object.getClass()" because "obj" is null
at java.base/java.lang.reflect.Method.invoke(Method.java:557)
at org.openqa.selenium.support.pagefactory.internal.LocatingElementHandler.invoke(LocatingElementHandler.java:51)
at com.sun.proxy.$Proxy15.click(Unknown Source)
at quiz.ObjectRepo.Homepage.Homepageredirect(Homepage.java:18)
at quiz.Scripts.Testing.Scripting(Testing.java:24)
at java.base/jdk.internal.reflect.NativeMethodAccessorImpl.invoke0(Native Method)
at java.base/jdk.internal.reflect.NativeMethodAccessorImpl.invoke(NativeMethodAccessorImpl.java:64)
at java.base/jdk.internal.reflect.DelegatingMethodAccessorImpl.invoke(DelegatingMethodAccessorImpl.java:43)
at java.base/java.lang.reflect.Method.invoke(Method.java:564)
at org.testng.internal.MethodInvocationHelper.invokeMethod(MethodInvocationHelper.java:124)
at org.testng.internal.Invoker.invokeMethod(Invoker.java:580)
at org.testng.internal.Invoker.invokeTestMethod(Invoker.java:716)
at org.testng.internal.Invoker.invokeTestMethods(Invoker.java:988)
at org.testng.internal.TestMethodWorker.invokeTestMethods(TestMethodWorker.java:125)
at org.testng.internal.TestMethodWorker.run(TestMethodWorker.java:109)
at org.testng.TestRunner.privateRun(TestRunner.java:648)
at org.testng.TestRunner.run(TestRunner.java:505)
at org.testng.SuiteRunner.runTest(SuiteRunner.java:455)
at org.testng.SuiteRunner.runSequentially(SuiteRunner.java:450)
at org.testng.SuiteRunner.privateRun(SuiteRunner.java:415)
at org.testng.SuiteRunner.run(SuiteRunner.java:364)
at org.testng.SuiteRunnerWorker.runSuite(SuiteRunnerWorker.java:52)
at org.testng.SuiteRunnerWorker.run(SuiteRunnerWorker.java:84)
at org.testng.TestNG.runSuitesSequentially(TestNG.java:1208)
at org.testng.TestNG.runSuitesLocally(TestNG.java:1137)
at org.testng.TestNG.runSuites(TestNG.java:1049)
at org.testng.TestNG.run(TestNG.java:1017)
at org.testng.remote.AbstractRemoteTestNG.run(AbstractRemoteTestNG.java:115)
at org.testng.remote.RemoteTestNG.initAndRun(RemoteTestNG.java:251)
at org.testng.remote.RemoteTestNG.main(RemoteTestNG.java:77)
]]>
            </full-stacktrace>
          </exception> <!-- java.lang.NullPointerException -->
          <reporter-output>
          </reporter-output>
        </test-method> <!-- Scripting -->
        <test-method is-config="true" signature="LogoutFromApp()[pri:0, instance:quiz.Scripts.Testing@15bb5034]" started-at="2021-04-10T06:34:39Z" name="LogoutFromApp" finished-at="2021-04-10T06:34:39Z" duration-ms="1" status="PASS">
          <reporter-output>
          </reporter-output>
        </test-method> <!-- LogoutFromApp -->
        <test-method is-config="true" signature="CloseBrowser()[pri:0, instance:quiz.Scripts.Testing@15bb5034]" started-at="2021-04-10T06:34:39Z" name="CloseBrowser" finished-at="2021-04-10T06:34:40Z" duration-ms="600" status="PASS">
          <reporter-output>
          </reporter-output>
        </test-method> <!-- CloseBrowser -->
      </class> <!-- quiz.Scripts.Testing -->
    </test> <!-- Default test -->
  </suite> <!-- Default suite -->
</testng-results>
